# JRE version: OpenJDK Runtime Environment (8.0_242-b01) (build 1.8.0_242-release-1644-b01)
# Java VM: OpenJDK 64-Bit Server VM (25.242-b01 mixed mode windows-amd64 compressed oops)
Heap:
 PSYoungGen      total 611328K, used 340622K [0x00000000d5580000, 0x00000000fff00000, 0x0000000100000000)
  eden space 524288K, 64% used [0x00000000d5580000,0x00000000ea223a70,0x00000000f5580000)
  from space 87040K, 0% used [0x00000000faa00000,0x00000000faa00000,0x00000000fff00000)
  to   space 86528K, 0% used [0x00000000f5580000,0x00000000f5580000,0x00000000faa00000)
 ParOldGen       total 340480K, used 63000K [0x0000000080000000, 0x0000000094c80000, 0x00000000d5580000)
  object space 340480K, 18% used [0x0000000080000000,0x0000000083d86390,0x0000000094c80000)
 Metaspace       used 163410K, capacity 170837K, committed 172056K, reserved 1200128K
  class space    used 20116K, capacity 21566K, committed 21800K, reserved 1048576K
GC Heap History (10 events):
Event: 4986.644 GC heap before
{Heap before GC invocations=29 (full 6):
 PSYoungGen      total 568832K, used 504283K [0x00000000d5580000, 0x00000000ff100000, 0x0000000100000000)
  eden space 474624K, 100% used [0x00000000d5580000,0x00000000f2500000,0x00000000f2500000)
  from space 94208K, 31% used [0x00000000f9500000,0x00000000fb1f6cb0,0x00000000ff100000)
  to   space 104448K, 0% used [0x00000000f2500000,0x00000000f2500000,0x00000000f8b00000)
 ParOldGen       total 340480K, used 188427K [0x0000000080000000, 0x0000000094c80000, 0x00000000d5580000)
  object space 340480K, 55% used [0x0000000080000000,0x000000008b802dd8,0x0000000094c80000)
 Metaspace       used 142993K, capacity 149909K, committed 150424K, reserved 1179648K
  class space    used 17775K, capacity 19102K, committed 19368K, reserved 1048576K
Event: 4986.720 GC heap after
Heap after GC invocations=29 (full 6):
 PSYoungGen      total 579072K, used 34674K [0x00000000d5580000, 0x00000000ffe00000, 0x0000000100000000)
  eden space 474624K, 0% used [0x00000000d5580000,0x00000000d5580000,0x00000000f2500000)
  from space 104448K, 33% used [0x00000000f2500000,0x00000000f46dc920,0x00000000f8b00000)
  to   space 98304K, 0% used [0x00000000f9e00000,0x00000000f9e00000,0x00000000ffe00000)
 ParOldGen       total 340480K, used 188435K [0x0000000080000000, 0x0000000094c80000, 0x00000000d5580000)
  object space 340480K, 55% used [0x0000000080000000,0x000000008b804dd8,0x0000000094c80000)
 Metaspace       used 142993K, capacity 149909K, committed 150424K, reserved 1179648K
  class space    used 17775K, capacity 19102K, committed 19368K, reserved 1048576K
}
Event: 5004.246 GC heap before
{Heap before GC invocations=30 (full 6):
 PSYoungGen      total 579072K, used 509298K [0x00000000d5580000, 0x00000000ffe00000, 0x0000000100000000)
  eden space 474624K, 100% used [0x00000000d5580000,0x00000000f2500000,0x00000000f2500000)
  from space 104448K, 33% used [0x00000000f2500000,0x00000000f46dc920,0x00000000f8b00000)
  to   space 98304K, 0% used [0x00000000f9e00000,0x00000000f9e00000,0x00000000ffe00000)
 ParOldGen       total 340480K, used 188435K [0x0000000080000000, 0x0000000094c80000, 0x00000000d5580000)
  object space 340480K, 55% used [0x0000000080000000,0x000000008b804dd8,0x0000000094c80000)
 Metaspace       used 153145K, capacity 160325K, committed 160792K, reserved 1189888K
  class space    used 18972K, capacity 20344K, committed 20520K, reserved 1048576K
Event: 5004.314 GC heap after
Heap after GC invocations=30 (full 6):
 PSYoungGen      total 578048K, used 37417K [0x00000000d5580000, 0x00000000fee00000, 0x0000000100000000)
  eden space 496128K, 0% used [0x00000000d5580000,0x00000000d5580000,0x00000000f3a00000)
  from space 81920K, 45% used [0x00000000f9e00000,0x00000000fc28a7b8,0x00000000fee00000)
  to   space 92160K, 0% used [0x00000000f3a00000,0x00000000f3a00000,0x00000000f9400000)
 ParOldGen       total 340480K, used 188443K [0x0000000080000000, 0x0000000094c80000, 0x00000000d5580000)
  object space 340480K, 55% used [0x0000000080000000,0x000000008b806dd8,0x0000000094c80000)
 Metaspace       used 153145K, capacity 160325K, committed 160792K, reserved 1189888K
  class space    used 18972K, capacity 20344K, committed 20520K, reserved 1048576K
}
Event: 5662.055 GC heap before
{Heap before GC invocations=31 (full 6):
 PSYoungGen      total 578048K, used 533545K [0x00000000d5580000, 0x00000000fee00000, 0x0000000100000000)
  eden space 496128K, 100% used [0x00000000d5580000,0x00000000f3a00000,0x00000000f3a00000)
  from space 81920K, 45% used [0x00000000f9e00000,0x00000000fc28a7b8,0x00000000fee00000)
  to   space 92160K, 0% used [0x00000000f3a00000,0x00000000f3a00000,0x00000000f9400000)
 ParOldGen       total 340480K, used 188443K [0x0000000080000000, 0x0000000094c80000, 0x00000000d5580000)
  object space 340480K, 55% used [0x0000000080000000,0x000000008b806dd8,0x0000000094c80000)
 Metaspace       used 161479K, capacity 168899K, committed 169240K, reserved 1198080K
  class space    used 19920K, capacity 21369K, committed 21544K, reserved 1048576K
Event: 5662.141 GC heap after
Heap after GC invocations=31 (full 6):
 PSYoungGen      total 588288K, used 29240K [0x00000000d5580000, 0x0000000100000000, 0x0000000100000000)
  eden space 496128K, 0% used [0x00000000d5580000,0x00000000d5580000,0x00000000f3a00000)
  from space 92160K, 31% used [0x00000000f3a00000,0x00000000f568e008,0x00000000f9400000)
  to   space 88064K, 0% used [0x00000000faa00000,0x00000000faa00000,0x0000000100000000)
 ParOldGen       total 340480K, used 188451K [0x0000000080000000, 0x0000000094c80000, 0x00000000d5580000)
  object space 340480K, 55% used [0x0000000080000000,0x000000008b808dd8,0x0000000094c80000)
 Metaspace       used 161479K, capacity 168899K, committed 169240K, reserved 1198080K
  class space    used 19920K, capacity 21369K, committed 21544K, reserved 1048576K
}
Event: 7961.660 GC heap before
{Heap before GC invocations=32 (full 6):
 PSYoungGen      total 588288K, used 52612K [0x00000000d5580000, 0x0000000100000000, 0x0000000100000000)
  eden space 496128K, 4% used [0x00000000d5580000,0x00000000d6c532f0,0x00000000f3a00000)
  from space 92160K, 31% used [0x00000000f3a00000,0x00000000f568e008,0x00000000f9400000)
  to   space 88064K, 0% used [0x00000000faa00000,0x00000000faa00000,0x0000000100000000)
 ParOldGen       total 340480K, used 188451K [0x0000000080000000, 0x0000000094c80000, 0x00000000d5580000)
  object space 340480K, 55% used [0x0000000080000000,0x000000008b808dd8,0x0000000094c80000)
 Metaspace       used 161488K, capacity 168899K, committed 169240K, reserved 1198080K
  class space    used 19920K, capacity 21369K, committed 21544K, reserved 1048576K
Event: 7961.709 GC heap after
Heap after GC invocations=32 (full 6):
 PSYoungGen      total 611328K, used 16095K [0x00000000d5580000, 0x00000000fff00000, 0x0000000100000000)
  eden space 524288K, 0% used [0x00000000d5580000,0x00000000d5580000,0x00000000f5580000)
  from space 87040K, 18% used [0x00000000faa00000,0x00000000fb9b7c08,0x00000000fff00000)
  to   space 86528K, 0% used [0x00000000f5580000,0x00000000f5580000,0x00000000faa00000)
 ParOldGen       total 340480K, used 188459K [0x0000000080000000, 0x0000000094c80000, 0x00000000d5580000)
  object space 340480K, 55% used [0x0000000080000000,0x000000008b80add8,0x0000000094c80000)
 Metaspace       used 161488K, capacity 168899K, committed 169240K, reserved 1198080K
  class space    used 19920K, capacity 21369K, committed 21544K, reserved 1048576K
}
Event: 7961.709 GC heap before
{Heap before GC invocations=33 (full 7):
 PSYoungGen      total 611328K, used 16095K [0x00000000d5580000, 0x00000000fff00000, 0x0000000100000000)
  eden space 524288K, 0% used [0x00000000d5580000,0x00000000d5580000,0x00000000f5580000)
  from space 87040K, 18% used [0x00000000faa00000,0x00000000fb9b7c08,0x00000000fff00000)
  to   space 86528K, 0% used [0x00000000f5580000,0x00000000f5580000,0x00000000faa00000)
 ParOldGen       total 340480K, used 188459K [0x0000000080000000, 0x0000000094c80000, 0x00000000d5580000)
  object space 340480K, 55% used [0x0000000080000000,0x000000008b80add8,0x0000000094c80000)
 Metaspace       used 161488K, capacity 168899K, committed 169240K, reserved 1198080K
  class space    used 19920K, capacity 21369K, committed 21544K, reserved 1048576K
Event: 7962.572 GC heap after
Heap after GC invocations=33 (full 7):
 PSYoungGen      total 611328K, used 0K [0x00000000d5580000, 0x00000000fff00000, 0x0000000100000000)
  eden space 524288K, 0% used [0x00000000d5580000,0x00000000d5580000,0x00000000f5580000)
  from space 87040K, 0% used [0x00000000faa00000,0x00000000faa00000,0x00000000fff00000)
  to   space 86528K, 0% used [0x00000000f5580000,0x00000000f5580000,0x00000000faa00000)
 ParOldGen       total 340480K, used 63000K [0x0000000080000000, 0x0000000094c80000, 0x00000000d5580000)
  object space 340480K, 18% used [0x0000000080000000,0x0000000083d86390,0x0000000094c80000)
 Metaspace       used 159437K, capacity 165383K, committed 169240K, reserved 1198080K
  class space    used 19554K, capacity 20747K, committed 21544K, reserved 1048576K
}

