# JRE version: OpenJDK Runtime Environment (8.0_242-b01) (build 1.8.0_242-release-1644-b01)
# Java VM: OpenJDK 64-Bit Server VM (25.242-b01 mixed mode windows-amd64 compressed oops)
Heap:
 PSYoungGen      total 448000K, used 26688K [0x00000000d5580000, 0x00000000f3400000, 0x0000000100000000)
  eden space 418816K, 0% used [0x00000000d5580000,0x00000000d5580000,0x00000000eee80000)
  from space 29184K, 91% used [0x00000000f0e80000,0x00000000f2890200,0x00000000f2b00000)
  to   space 32768K, 0% used [0x00000000eee80000,0x00000000eee80000,0x00000000f0e80000)
 ParOldGen       total 83968K, used 78217K [0x0000000080000000, 0x0000000085200000, 0x00000000d5580000)
  object space 83968K, 93% used [0x0000000080000000,0x0000000084c624c8,0x0000000085200000)
 Metaspace       used 94341K, capacity 98554K, committed 98600K, reserved 1134592K
  class space    used 12181K, capacity 13063K, committed 13096K, reserved 1048576K
GC Heap History (10 events):
Event: 21.582 GC heap after
Heap after GC invocations=17 (full 3):
 PSYoungGen      total 287744K, used 18636K [0x00000000d5580000, 0x00000000e9480000, 0x0000000100000000)
  eden space 268800K, 0% used [0x00000000d5580000,0x00000000d5580000,0x00000000e5c00000)
  from space 18944K, 98% used [0x00000000e8200000,0x00000000e94332f0,0x00000000e9480000)
  to   space 23552K, 0% used [0x00000000e6680000,0x00000000e6680000,0x00000000e7d80000)
 ParOldGen       total 83968K, used 31100K [0x0000000080000000, 0x0000000085200000, 0x00000000d5580000)
  object space 83968K, 37% used [0x0000000080000000,0x0000000081e5f0f8,0x0000000085200000)
 Metaspace       used 68248K, capacity 70854K, committed 71080K, reserved 1110016K
  class space    used 9218K, capacity 9808K, committed 9896K, reserved 1048576K
}
Event: 32.942 GC heap before
{Heap before GC invocations=18 (full 3):
 PSYoungGen      total 287744K, used 287436K [0x00000000d5580000, 0x00000000e9480000, 0x0000000100000000)
  eden space 268800K, 100% used [0x00000000d5580000,0x00000000e5c00000,0x00000000e5c00000)
  from space 18944K, 98% used [0x00000000e8200000,0x00000000e94332f0,0x00000000e9480000)
  to   space 23552K, 0% used [0x00000000e6680000,0x00000000e6680000,0x00000000e7d80000)
 ParOldGen       total 83968K, used 31100K [0x0000000080000000, 0x0000000085200000, 0x00000000d5580000)
  object space 83968K, 37% used [0x0000000080000000,0x0000000081e5f0f8,0x0000000085200000)
 Metaspace       used 74809K, capacity 77812K, committed 77992K, reserved 1116160K
  class space    used 9934K, capacity 10573K, committed 10664K, reserved 1048576K
Event: 32.996 GC heap after
Heap after GC invocations=18 (full 3):
 PSYoungGen      total 303104K, used 14181K [0x00000000d5580000, 0x00000000ee300000, 0x0000000100000000)
  eden space 279552K, 0% used [0x00000000d5580000,0x00000000d5580000,0x00000000e6680000)
  from space 23552K, 60% used [0x00000000e6680000,0x00000000e74597d0,0x00000000e7d80000)
  to   space 24064K, 0% used [0x00000000ecb80000,0x00000000ecb80000,0x00000000ee300000)
 ParOldGen       total 83968K, used 42280K [0x0000000080000000, 0x0000000085200000, 0x00000000d5580000)
  object space 83968K, 50% used [0x0000000080000000,0x000000008294a290,0x0000000085200000)
 Metaspace       used 74809K, capacity 77812K, committed 77992K, reserved 1116160K
  class space    used 9934K, capacity 10573K, committed 10664K, reserved 1048576K
}
Event: 36.599 GC heap before
{Heap before GC invocations=19 (full 3):
 PSYoungGen      total 303104K, used 293733K [0x00000000d5580000, 0x00000000ee300000, 0x0000000100000000)
  eden space 279552K, 100% used [0x00000000d5580000,0x00000000e6680000,0x00000000e6680000)
  from space 23552K, 60% used [0x00000000e6680000,0x00000000e74597d0,0x00000000e7d80000)
  to   space 24064K, 0% used [0x00000000ecb80000,0x00000000ecb80000,0x00000000ee300000)
 ParOldGen       total 83968K, used 42280K [0x0000000080000000, 0x0000000085200000, 0x00000000d5580000)
  object space 83968K, 50% used [0x0000000080000000,0x000000008294a290,0x0000000085200000)
 Metaspace       used 81008K, capacity 84084K, committed 84136K, reserved 1122304K
  class space    used 10781K, capacity 11427K, committed 11432K, reserved 1048576K
Event: 36.624 GC heap after
Heap after GC invocations=19 (full 3):
 PSYoungGen      total 384512K, used 9649K [0x00000000d5580000, 0x00000000ee480000, 0x0000000100000000)
  eden space 360448K, 0% used [0x00000000d5580000,0x00000000d5580000,0x00000000eb580000)
  from space 24064K, 40% used [0x00000000ecb80000,0x00000000ed4ec598,0x00000000ee300000)
  to   space 22528K, 0% used [0x00000000eb580000,0x00000000eb580000,0x00000000ecb80000)
 ParOldGen       total 83968K, used 50205K [0x0000000080000000, 0x0000000085200000, 0x00000000d5580000)
  object space 83968K, 59% used [0x0000000080000000,0x0000000083107498,0x0000000085200000)
 Metaspace       used 81008K, capacity 84084K, committed 84136K, reserved 1122304K
  class space    used 10781K, capacity 11427K, committed 11432K, reserved 1048576K
}
Event: 1129.927 GC heap before
{Heap before GC invocations=20 (full 3):
 PSYoungGen      total 384512K, used 370097K [0x00000000d5580000, 0x00000000ee480000, 0x0000000100000000)
  eden space 360448K, 100% used [0x00000000d5580000,0x00000000eb580000,0x00000000eb580000)
  from space 24064K, 40% used [0x00000000ecb80000,0x00000000ed4ec598,0x00000000ee300000)
  to   space 22528K, 0% used [0x00000000eb580000,0x00000000eb580000,0x00000000ecb80000)
 ParOldGen       total 83968K, used 50205K [0x0000000080000000, 0x0000000085200000, 0x00000000d5580000)
  object space 83968K, 59% used [0x0000000080000000,0x0000000083107498,0x0000000085200000)
 Metaspace       used 91709K, capacity 95852K, committed 96040K, reserved 1132544K
  class space    used 11909K, capacity 12760K, committed 12840K, reserved 1048576K
Event: 1130.010 GC heap after
Heap after GC invocations=20 (full 3):
 PSYoungGen      total 382976K, used 22525K [0x00000000d5580000, 0x00000000f2b00000, 0x0000000100000000)
  eden space 360448K, 0% used [0x00000000d5580000,0x00000000d5580000,0x00000000eb580000)
  from space 22528K, 99% used [0x00000000eb580000,0x00000000ecb7f768,0x00000000ecb80000)
  to   space 29184K, 0% used [0x00000000f0e80000,0x00000000f0e80000,0x00000000f2b00000)
 ParOldGen       total 83968K, used 58084K [0x0000000080000000, 0x0000000085200000, 0x00000000d5580000)
  object space 83968K, 69% used [0x0000000080000000,0x00000000838b9250,0x0000000085200000)
 Metaspace       used 91709K, capacity 95852K, committed 96040K, reserved 1132544K
  class space    used 11909K, capacity 12760K, committed 12840K, reserved 1048576K
}
Event: 1136.232 GC heap before
{Heap before GC invocations=21 (full 3):
 PSYoungGen      total 382976K, used 240498K [0x00000000d5580000, 0x00000000f2b00000, 0x0000000100000000)
  eden space 360448K, 60% used [0x00000000d5580000,0x00000000e2a5d0d8,0x00000000eb580000)
  from space 22528K, 99% used [0x00000000eb580000,0x00000000ecb7f768,0x00000000ecb80000)
  to   space 29184K, 0% used [0x00000000f0e80000,0x00000000f0e80000,0x00000000f2b00000)
 ParOldGen       total 83968K, used 58084K [0x0000000080000000, 0x0000000085200000, 0x00000000d5580000)
  object space 83968K, 69% used [0x0000000080000000,0x00000000838b9250,0x0000000085200000)
 Metaspace       used 94341K, capacity 98554K, committed 98600K, reserved 1134592K
  class space    used 12181K, capacity 13063K, committed 13096K, reserved 1048576K
Event: 1136.426 GC heap after
Heap after GC invocations=21 (full 3):
 PSYoungGen      total 448000K, used 26688K [0x00000000d5580000, 0x00000000f3400000, 0x0000000100000000)
  eden space 418816K, 0% used [0x00000000d5580000,0x00000000d5580000,0x00000000eee80000)
  from space 29184K, 91% used [0x00000000f0e80000,0x00000000f2890200,0x00000000f2b00000)
  to   space 32768K, 0% used [0x00000000eee80000,0x00000000eee80000,0x00000000f0e80000)
 ParOldGen       total 83968K, used 78217K [0x0000000080000000, 0x0000000085200000, 0x00000000d5580000)
  object space 83968K, 93% used [0x0000000080000000,0x0000000084c624c8,0x0000000085200000)
 Metaspace       used 94341K, capacity 98554K, committed 98600K, reserved 1134592K
  class space    used 12181K, capacity 13063K, committed 13096K, reserved 1048576K
}
Event: 1136.426 GC heap before
{Heap before GC invocations=22 (full 4):
 PSYoungGen      total 448000K, used 26688K [0x00000000d5580000, 0x00000000f3400000, 0x0000000100000000)
  eden space 418816K, 0% used [0x00000000d5580000,0x00000000d5580000,0x00000000eee80000)
  from space 29184K, 91% used [0x00000000f0e80000,0x00000000f2890200,0x00000000f2b00000)
  to   space 32768K, 0% used [0x00000000eee80000,0x00000000eee80000,0x00000000f0e80000)
 ParOldGen       total 83968K, used 78217K [0x0000000080000000, 0x0000000085200000, 0x00000000d5580000)
  object space 83968K, 93% used [0x0000000080000000,0x0000000084c624c8,0x0000000085200000)
 Metaspace       used 94341K, capacity 98554K, committed 98600K, reserved 1134592K
  class space    used 12181K, capacity 13063K, committed 13096K, reserved 1048576K

